<?xml version="1.0" encoding="UTF-8"?>
<!-- Generated by org.testng.reporters.JUnitXMLReporter -->
<testsuite ignored="0" hostname="Ayobamis-MacBook-Pro.local" failures="0" tests="6" name="Test" time="49.463" errors="0" timestamp="22 Apr 2021 10:06:52 GMT">
  <testcase classname="org.spaces.login" name="loginTest" time="8.904"/>
  <testcase classname="org.spaces.dashboard" name="dashboardTest" time="8.242"/>
  <testcase classname="org.spaces.agentManagement" name="agentManagementTest" time="9.784"/>
  <testcase classname="org.spaces.users" name="usersTest" time="7.095"/>
  <testcase classname="org.spaces.realms" name="realmsTest" time="8.69"/>
  <testcase classname="org.spaces.adminRealms" name="adminRealmsTest" time="6.718"/>
</testsuite> <!-- Test -->
