<?xml version="1.0" encoding="UTF-8"?>
<!-- Generated by org.testng.reporters.JUnitXMLReporter -->
<testsuite ignored="0" hostname="Ayobamis-MacBook-Pro.local" failures="0" tests="3" name="Test" time="36.821" errors="0" timestamp="22 Apr 2021 09:21:01 GMT">
  <testcase classname="org.spaces.login" name="loginTest" time="11.844"/>
  <testcase classname="org.spaces.dashboard" name="dashboardTest" time="12.717"/>
  <testcase classname="org.spaces.agentManagement" name="agentManagementTest" time="12.241"/>
</testsuite> <!-- Test -->
