<?xml version="1.0" encoding="UTF-8"?>
<testng-results ignored="0" total="5" passed="5" failed="0" skipped="0">
  <reporter-output>
  </reporter-output>
  <suite started-at="2021-04-22T09:59:12Z" name="MyShopTestSuite" finished-at="2021-04-22T10:00:02Z" duration-ms="49728">
    <groups>
    </groups>
    <test started-at="2021-04-22T09:59:12Z" name="Test" finished-at="2021-04-22T10:00:02Z" duration-ms="49728">
      <class name="org.spaces.realms">
        <test-method signature="realmsTest()[pri:0, instance:org.spaces.realms@1cbb87f3]" started-at="2021-04-22T10:59:56Z" name="realmsTest" finished-at="2021-04-22T11:00:02Z" duration-ms="6660" status="PASS">
          <reporter-output>
          </reporter-output>
        </test-method> <!-- realmsTest -->
      </class> <!-- org.spaces.realms -->
      <class name="org.spaces.dashboard">
        <test-method signature="dashboardTest()[pri:0, instance:org.spaces.dashboard@34f5090e]" started-at="2021-04-22T10:59:23Z" name="dashboardTest" finished-at="2021-04-22T10:59:40Z" duration-ms="17380" status="PASS">
          <reporter-output>
          </reporter-output>
        </test-method> <!-- dashboardTest -->
      </class> <!-- org.spaces.dashboard -->
      <class name="org.spaces.login">
        <test-method signature="loginTest()[pri:0, instance:org.spaces.login@27ff5d15]" started-at="2021-04-22T10:59:12Z" name="loginTest" finished-at="2021-04-22T10:59:23Z" duration-ms="10467" status="PASS">
          <reporter-output>
          </reporter-output>
        </test-method> <!-- loginTest -->
      </class> <!-- org.spaces.login -->
      <class name="org.spaces.users">
        <test-method signature="usersTest()[pri:0, instance:org.spaces.users@a2431d0]" started-at="2021-04-22T10:59:48Z" name="usersTest" finished-at="2021-04-22T10:59:56Z" duration-ms="7336" status="PASS">
          <reporter-output>
          </reporter-output>
        </test-method> <!-- usersTest -->
      </class> <!-- org.spaces.users -->
      <class name="org.spaces.agentManagement">
        <test-method signature="agentManagementTest()[pri:0, instance:org.spaces.agentManagement@31e5415e]" started-at="2021-04-22T10:59:40Z" name="agentManagementTest" finished-at="2021-04-22T10:59:48Z" duration-ms="7867" status="PASS">
          <reporter-output>
          </reporter-output>
        </test-method> <!-- agentManagementTest -->
      </class> <!-- org.spaces.agentManagement -->
    </test> <!-- Test -->
  </suite> <!-- MyShopTestSuite -->
</testng-results>
